0 info it worked if it ends with ok
1 verbose cli [ '/home/carlos/.nvm/versions/node/v7.4.0/bin/node',
1 verbose cli   '/home/carlos/.nvm/versions/node/v7.4.0/bin/npm',
1 verbose cli   'test' ]
2 info using npm@4.0.5
3 info using node@v7.4.0
4 verbose config Skipping project config: /home/carlos/.npmrc. (matches userconfig)
5 verbose stack Error: ENOENT: no such file or directory, open '/home/carlos/package.json'
6 verbose cwd /home/carlos/lab-javascript-maze
7 error Linux 4.4.0-59-generic
8 error argv "/home/carlos/.nvm/versions/node/v7.4.0/bin/node" "/home/carlos/.nvm/versions/node/v7.4.0/bin/npm" "test"
9 error node v7.4.0
10 error npm  v4.0.5
11 error path /home/carlos/package.json
12 error code ENOENT
13 error errno -2
14 error syscall open
15 error enoent ENOENT: no such file or directory, open '/home/carlos/package.json'
16 error enoent ENOENT: no such file or directory, open '/home/carlos/package.json'
16 error enoent This is most likely not a problem with npm itself
16 error enoent and is related to npm not being able to find a file.
17 verbose exit [ -2, true ]
